This is pdfTeX, Version 3.14159265-2.6-1.40.16 (TeX Live 2015/Debian) (preloaded format=pdflatex 2016.4.29)  2 MAY 2016 17:53
entering extended mode
 restricted \write18 enabled.
 %&-line parsing enabled.
**rapport.tex
(./rapport.tex
LaTeX2e <2016/02/01>
Babel <3.9q> and hyphenation patterns for 81 language(s) loaded.
(/usr/share/texlive/texmf-dist/tex/latex/base/article.cls
Document Class: article 2014/09/29 v1.4h Standard LaTeX document class
(/usr/share/texlive/texmf-dist/tex/latex/base/size12.clo
File: size12.clo 2014/09/29 v1.4h Standard LaTeX file (size option)
)
\c@part=\count79
\c@section=\count80
\c@subsection=\count81
\c@subsubsection=\count82
\c@paragraph=\count83
\c@subparagraph=\count84
\c@figure=\count85
\c@table=\count86
\abovecaptionskip=\skip41
\belowcaptionskip=\skip42
\bibindent=\dimen102
)
(/usr/share/texlive/texmf-dist/tex/latex/url/url.sty
\Urlmuskip=\muskip10
Package: url 2013/09/16  ver 3.4  Verb mode for urls, etc.
)
(/usr/share/texlive/texmf-dist/tex/latex/hyperref/hyperref.sty
Package: hyperref 2012/11/06 v6.83m Hypertext links for LaTeX

(/usr/share/texlive/texmf-dist/tex/generic/oberdiek/hobsub-hyperref.sty
Package: hobsub-hyperref 2012/05/28 v1.13 Bundle oberdiek, subset hyperref (HO)


(/usr/share/texlive/texmf-dist/tex/generic/oberdiek/hobsub-generic.sty
Package: hobsub-generic 2012/05/28 v1.13 Bundle oberdiek, subset generic (HO)
Package: hobsub 2012/05/28 v1.13 Construct package bundles (HO)
Package: infwarerr 2010/04/08 v1.3 Providing info/warning/error messages (HO)
Package: ltxcmds 2011/11/09 v1.22 LaTeX kernel commands for general use (HO)
Package: ifluatex 2010/03/01 v1.3 Provides the ifluatex switch (HO)
Package ifluatex Info: LuaTeX not detected.
Package: ifvtex 2010/03/01 v1.5 Detect VTeX and its facilities (HO)
Package ifvtex Info: VTeX not detected.
Package: intcalc 2007/09/27 v1.1 Expandable calculations with integers (HO)
Package: ifpdf 2011/01/30 v2.3 Provides the ifpdf switch (HO)
Package ifpdf Info: pdfTeX in PDF mode is detected.
Package: etexcmds 2011/02/16 v1.5 Avoid name clashes with e-TeX commands (HO)
Package etexcmds Info: Could not find \expanded.
(etexcmds)             That can mean that you are not using pdfTeX 1.50 or
(etexcmds)             that some package has redefined \expanded.
(etexcmds)             In the latter case, load this package earlier.
Package: kvsetkeys 2012/04/25 v1.16 Key value parser (HO)
Package: kvdefinekeys 2011/04/07 v1.3 Define keys (HO)
Package: pdftexcmds 2011/11/29 v0.20 Utility functions of pdfTeX for LuaTeX (HO
)
Package pdftexcmds Info: LuaTeX not detected.
Package pdftexcmds Info: \pdf@primitive is available.
Package pdftexcmds Info: \pdf@ifprimitive is available.
Package pdftexcmds Info: \pdfdraftmode found.
Package: pdfescape 2011/11/25 v1.13 Implements pdfTeX's escape features (HO)
Package: bigintcalc 2012/04/08 v1.3 Expandable calculations on big integers (HO
)
Package: bitset 2011/01/30 v1.1 Handle bit-vector datatype (HO)
Package: uniquecounter 2011/01/30 v1.2 Provide unlimited unique counter (HO)
)
Package hobsub Info: Skipping package `hobsub' (already loaded).
Package: letltxmacro 2010/09/02 v1.4 Let assignment for LaTeX macros (HO)
Package: hopatch 2012/05/28 v1.2 Wrapper for package hooks (HO)
Package: xcolor-patch 2011/01/30 xcolor patch
Package: atveryend 2011/06/30 v1.8 Hooks at the very end of document (HO)
Package atveryend Info: \enddocument detected (standard20110627).
Package: atbegshi 2011/10/05 v1.16 At begin shipout hook (HO)
Package: refcount 2011/10/16 v3.4 Data extraction from label references (HO)
Package: hycolor 2011/01/30 v1.7 Color options for hyperref/bookmark (HO)
)
(/usr/share/texlive/texmf-dist/tex/latex/graphics/keyval.sty
Package: keyval 2014/10/28 v1.15 key=value parser (DPC)
\KV@toks@=\toks14
)
(/usr/share/texlive/texmf-dist/tex/generic/ifxetex/ifxetex.sty
Package: ifxetex 2010/09/12 v0.6 Provides ifxetex conditional
)
(/usr/share/texlive/texmf-dist/tex/latex/oberdiek/auxhook.sty
Package: auxhook 2011/03/04 v1.3 Hooks for auxiliary files (HO)
)
(/usr/share/texlive/texmf-dist/tex/latex/oberdiek/kvoptions.sty
Package: kvoptions 2011/06/30 v3.11 Key value format for package options (HO)
)
\@linkdim=\dimen103
\Hy@linkcounter=\count87
\Hy@pagecounter=\count88

(/usr/share/texlive/texmf-dist/tex/latex/hyperref/pd1enc.def
File: pd1enc.def 2012/11/06 v6.83m Hyperref: PDFDocEncoding definition (HO)
)
\Hy@SavedSpaceFactor=\count89

(/usr/share/texlive/texmf-dist/tex/latex/latexconfig/hyperref.cfg
File: hyperref.cfg 2002/06/06 v1.2 hyperref configuration of TeXLive
)
Package hyperref Info: Hyper figures OFF on input line 4443.
Package hyperref Info: Link nesting OFF on input line 4448.
Package hyperref Info: Hyper index ON on input line 4451.
Package hyperref Info: Plain pages OFF on input line 4458.
Package hyperref Info: Backreferencing OFF on input line 4463.
Package hyperref Info: Implicit mode ON; LaTeX internals redefined.
Package hyperref Info: Bookmarks ON on input line 4688.
\c@Hy@tempcnt=\count90
LaTeX Info: Redefining \url on input line 5041.
\XeTeXLinkMargin=\dimen104
\Fld@menulength=\count91
\Field@Width=\dimen105
\Fld@charsize=\dimen106
Package hyperref Info: Hyper figures OFF on input line 6295.
Package hyperref Info: Link nesting OFF on input line 6300.
Package hyperref Info: Hyper index ON on input line 6303.
Package hyperref Info: backreferencing OFF on input line 6310.
Package hyperref Info: Link coloring OFF on input line 6315.
Package hyperref Info: Link coloring with OCG OFF on input line 6320.
Package hyperref Info: PDF/A mode OFF on input line 6325.
LaTeX Info: Redefining \ref on input line 6365.
LaTeX Info: Redefining \pageref on input line 6369.
\Hy@abspage=\count92
\c@Item=\count93
\c@Hfootnote=\count94
)

Package hyperref Message: Driver (autodetected): hpdftex.

(/usr/share/texlive/texmf-dist/tex/latex/hyperref/hpdftex.def
File: hpdftex.def 2012/11/06 v6.83m Hyperref driver for pdfTeX
\Fld@listcount=\count95
\c@bookmark@seq@number=\count96

(/usr/share/texlive/texmf-dist/tex/latex/oberdiek/rerunfilecheck.sty
Package: rerunfilecheck 2011/04/15 v1.7 Rerun checks for auxiliary files (HO)
Package uniquecounter Info: New unique counter `rerunfilecheck' on input line 2
82.
)
\Hy@SectionHShift=\skip43
)
(/usr/share/texlive/texmf-dist/tex/generic/babel/babel.sty
Package: babel 2016/02/24 3.9q The Babel package

(/usr/share/texlive/texmf-dist/tex/generic/babel-french/frenchb.ldf
Language: frenchb 2016/02/13 v3.1l French support from the babel system

(/usr/share/texlive/texmf-dist/tex/generic/babel/babel.def
File: babel.def 2016/02/24 3.9q Babel common definitions
\babel@savecnt=\count97
\U@D=\dimen107
)
\l@acadian = a dialect from \language\l@french 
\l@canadien = a dialect from \language\l@french 
\FBcolonskip=\skip44
\FBthinskip=\skip45
Package babel Info: Making : an active character on input line 342.
Package babel Info: Making ; an active character on input line 343.
Package babel Info: Making ! an active character on input line 344.
Package babel Info: Making ? an active character on input line 345.
\FBguillskip=\skip46
\FBguill@level=\count98
\FB@everypar=\toks15
\FB@Mht=\dimen108
\std@mcc=\count99
\dec@mcc=\count100
\listindentFB=\skip47
\labelwidthFB=\skip48
\leftmarginFB=\skip49
\parindentFFN=\dimen109
))
(/usr/share/texlive/texmf-dist/tex/latex/carlisle/scalefnt.sty)
(/usr/share/texlive/texmf-dist/tex/latex/fancyhdr/fancyhdr.sty
\fancy@headwidth=\skip50
\f@ncyO@elh=\skip51
\f@ncyO@erh=\skip52
\f@ncyO@olh=\skip53
\f@ncyO@orh=\skip54
\f@ncyO@elf=\skip55
\f@ncyO@erf=\skip56
\f@ncyO@olf=\skip57
\f@ncyO@orf=\skip58
)
(/usr/share/texlive/texmf-dist/tex/latex/lastpage/lastpage.sty
Package: lastpage 2015/03/29 v1.2m Refers to last page's name (HMM; JPG)
)
(/usr/share/texlive/texmf-dist/tex/latex/a4wide/a4wide.sty
Package: a4wide 1994/08/30

(/usr/share/texlive/texmf-dist/tex/latex/ntgclass/a4.sty
Package: a4 2004/04/15 v1.2g A4 based page layout
))
(/usr/share/texlive/texmf-dist/tex/latex/amsmath/amsmath.sty
Package: amsmath 2016/03/03 v2.15a AMS math features
\@mathmargin=\skip59

For additional information on amsmath, use the `?' option.
(/usr/share/texlive/texmf-dist/tex/latex/amsmath/amstext.sty
Package: amstext 2000/06/29 v2.01 AMS text

(/usr/share/texlive/texmf-dist/tex/latex/amsmath/amsgen.sty
File: amsgen.sty 1999/11/30 v2.0 generic functions
\@emptytoks=\toks16
\ex@=\dimen110
))
(/usr/share/texlive/texmf-dist/tex/latex/amsmath/amsbsy.sty
Package: amsbsy 1999/11/29 v1.2d Bold Symbols
\pmbraise@=\dimen111
)
(/usr/share/texlive/texmf-dist/tex/latex/amsmath/amsopn.sty
Package: amsopn 1999/12/14 v2.01 operator names
)
\inf@bad=\count101
LaTeX Info: Redefining \frac on input line 199.
\uproot@=\count102
\leftroot@=\count103
LaTeX Info: Redefining \overline on input line 297.
\classnum@=\count104
\DOTSCASE@=\count105
LaTeX Info: Redefining \ldots on input line 394.
LaTeX Info: Redefining \dots on input line 397.
LaTeX Info: Redefining \cdots on input line 518.
\Mathstrutbox@=\box26
\strutbox@=\box27
\big@size=\dimen112
LaTeX Font Info:    Redeclaring font encoding OML on input line 630.
LaTeX Font Info:    Redeclaring font encoding OMS on input line 631.
\macc@depth=\count106
\c@MaxMatrixCols=\count107
\dotsspace@=\muskip11
\c@parentequation=\count108
\dspbrk@lvl=\count109
\tag@help=\toks17
\row@=\count110
\column@=\count111
\maxfields@=\count112
\andhelp@=\toks18
\eqnshift@=\dimen113
\alignsep@=\dimen114
\tagshift@=\dimen115
\tagwidth@=\dimen116
\totwidth@=\dimen117
\lineht@=\dimen118
\@envbody=\toks19
\multlinegap=\skip60
\multlinetaggap=\skip61
\mathdisplay@stack=\toks20
LaTeX Info: Redefining \[ on input line 2735.
LaTeX Info: Redefining \] on input line 2736.
)
(/usr/share/texlive/texmf-dist/tex/latex/amsfonts/amssymb.sty
Package: amssymb 2013/01/14 v3.01 AMS font symbols

(/usr/share/texlive/texmf-dist/tex/latex/amsfonts/amsfonts.sty
Package: amsfonts 2013/01/14 v3.01 Basic AMSFonts support
\symAMSa=\mathgroup4
\symAMSb=\mathgroup5
LaTeX Font Info:    Overwriting math alphabet `\mathfrak' in version `bold'
(Font)                  U/euf/m/n --> U/euf/b/n on input line 106.
))
(/usr/share/texlive/texmf-dist/tex/latex/graphics/graphicx.sty
Package: graphicx 2014/10/28 v1.0g Enhanced LaTeX Graphics (DPC,SPQR)

(/usr/share/texlive/texmf-dist/tex/latex/graphics/graphics.sty
Package: graphics 2016/01/03 v1.0q Standard LaTeX Graphics (DPC,SPQR)

(/usr/share/texlive/texmf-dist/tex/latex/graphics/trig.sty
Package: trig 2016/01/03 v1.10 sin cos tan (DPC)
)
(/usr/share/texlive/texmf-dist/tex/latex/latexconfig/graphics.cfg
File: graphics.cfg 2010/04/23 v1.9 graphics configuration of TeX Live
)
Package graphics Info: Driver file: pdftex.def on input line 95.

(/usr/share/texlive/texmf-dist/tex/latex/pdftex-def/pdftex.def
File: pdftex.def 2011/05/27 v0.06d Graphics/color for pdfTeX
\Gread@gobject=\count113
))
\Gin@req@height=\dimen119
\Gin@req@width=\dimen120
)
(/usr/share/texlive/texmf-dist/tex/latex/graphics/color.sty
Package: color 2016/01/03 v1.1b Standard LaTeX Color (DPC)

(/usr/share/texlive/texmf-dist/tex/latex/latexconfig/color.cfg
File: color.cfg 2007/01/18 v1.5 color configuration of teTeX/TeXLive
)
Package color Info: Driver file: pdftex.def on input line 143.
)
(/usr/share/texlive/texmf-dist/tex/latex/fancybox/fancybox.sty
Package: fancybox 2010/05/15 1.4

Style option: `fancybox' v1.4 <2010/05/15> (tvz)
\@fancybox=\box28
\shadowsize=\dimen121
\@Sbox=\box29
\do@VerbBox=\toks21
\the@fancyput=\toks22
\this@fancyput=\toks23
\EndVerbatimTokens=\toks24
\Verbatim@Outfile=\write3
\Verbatim@Infile=\read1
) (/usr/share/texlive/texmf-dist/tex/latex/moreverb/moreverb.sty
Package: moreverb 2008/06/03 v2.3a `more' verbatim facilities

(/usr/share/texlive/texmf-dist/tex/latex/tools/verbatim.sty
Package: verbatim 2014/10/28 v1.5q LaTeX2e package for verbatim enhancements
\every@verbatim=\toks25
\verbatim@line=\toks26
\verbatim@in@stream=\read2
)
\tab@position=\count114
\tab@size=\count115
\listing@line=\count116
)
(/usr/share/texlive/texmf-dist/tex/latex/base/fontenc.sty
Package: fontenc 2005/09/27 v1.99g Standard LaTeX package

(/usr/share/texlive/texmf-dist/tex/latex/base/t1enc.def
File: t1enc.def 2005/09/27 v1.99g Standard LaTeX file
LaTeX Font Info:    Redeclaring font encoding T1 on input line 48.
))
(/usr/share/texlive/texmf-dist/tex/latex/listings/listings.sty
\lst@mode=\count117
\lst@gtempboxa=\box30
\lst@token=\toks27
\lst@length=\count118
\lst@currlwidth=\dimen122
\lst@column=\count119
\lst@pos=\count120
\lst@lostspace=\dimen123
\lst@width=\dimen124
\lst@newlines=\count121
\lst@lineno=\count122
\lst@maxwidth=\dimen125

(/usr/share/texlive/texmf-dist/tex/latex/listings/lstmisc.sty
File: lstmisc.sty 2015/06/04 1.6 (Carsten Heinz)
\c@lstnumber=\count123
\lst@skipnumbers=\count124
\lst@framebox=\box31
)
(/usr/share/texlive/texmf-dist/tex/latex/listings/listings.cfg
File: listings.cfg 2015/06/04 1.6 listings configuration
))
Package: listings 2015/06/04 1.6 (Carsten Heinz)

(/usr/share/texlive/texmf-dist/tex/latex/setspace/setspace.sty
Package: setspace 2011/12/19 v6.7a set line spacing
)
(/usr/share/texlive/texmf-dist/tex/latex/base/inputenc.sty
Package: inputenc 2015/03/17 v1.2c Input encoding file
\inpenc@prehook=\toks28
\inpenc@posthook=\toks29

(/usr/share/texlive/texmf-dist/tex/latex/ucs/utf8x.def
File: utf8x.def 2004/10/17 UCS: Input encoding UTF-8
))
(/usr/share/texlive/texmf-dist/tex/latex/ucs/ucs.sty
Package: ucs 2013/05/11 v2.2 UCS: Unicode input support

(/usr/share/texlive/texmf-dist/tex/latex/ucs/data/uni-global.def
File: uni-global.def 2013/05/13 UCS: Unicode global data
)
\uc@secondtry=\count125
\uc@combtoks=\toks30
\uc@combtoksb=\toks31
\uc@temptokena=\toks32
)
(./rapport.aux

LaTeX Warning: Label `iterationsg2' multiply defined.

)
\openout1 = `rapport.aux'.

LaTeX Font Info:    Checking defaults for OML/cmm/m/it on input line 27.
LaTeX Font Info:    ... okay on input line 27.
LaTeX Font Info:    Checking defaults for T1/cmr/m/n on input line 27.
LaTeX Font Info:    ... okay on input line 27.
LaTeX Font Info:    Checking defaults for OT1/cmr/m/n on input line 27.
LaTeX Font Info:    ... okay on input line 27.
LaTeX Font Info:    Checking defaults for OMS/cmsy/m/n on input line 27.
LaTeX Font Info:    ... okay on input line 27.
LaTeX Font Info:    Checking defaults for OMX/cmex/m/n on input line 27.
LaTeX Font Info:    ... okay on input line 27.
LaTeX Font Info:    Checking defaults for U/cmr/m/n on input line 27.
LaTeX Font Info:    ... okay on input line 27.
LaTeX Font Info:    Checking defaults for PD1/pdf/m/n on input line 27.
LaTeX Font Info:    ... okay on input line 27.
\AtBeginShipoutBox=\box32
Package hyperref Info: Link coloring OFF on input line 27.
 (/usr/share/texlive/texmf-dist/tex/latex/hyperref/nameref.sty
Package: nameref 2012/10/27 v2.43 Cross-referencing by name of section

(/usr/share/texlive/texmf-dist/tex/generic/oberdiek/gettitlestring.sty
Package: gettitlestring 2010/12/03 v1.4 Cleanup title references (HO)
)
\c@section@level=\count126
)
LaTeX Info: Redefining \ref on input line 27.
LaTeX Info: Redefining \pageref on input line 27.
LaTeX Info: Redefining \nameref on input line 27.

(./rapport.out) (./rapport.out)
\@outlinefile=\write4
\openout4 = `rapport.out'.

LaTeX Info: Redefining \degres on input line 27.
LaTeX Info: Redefining \dots on input line 27.
LaTeX Info: Redefining \up on input line 27.
Package lastpage Info: Please have a look at the pageslts package at
(lastpage)             https://www.ctan.org/pkg/pageslts
(lastpage)             ! on input line 27.

(/usr/share/texlive/texmf-dist/tex/context/base/supp-pdf.mkii
[Loading MPS to PDF converter (version 2006.09.02).]
\scratchcounter=\count127
\scratchdimen=\dimen126
\scratchbox=\box33
\nofMPsegments=\count128
\nofMParguments=\count129
\everyMPshowfont=\toks33
\MPscratchCnt=\count130
\MPscratchDim=\dimen127
\MPnumerator=\count131
\makeMPintoPDFobject=\count132
\everyMPtoPDFconversion=\toks34
) (/usr/share/texlive/texmf-dist/tex/latex/oberdiek/epstopdf-base.sty
Package: epstopdf-base 2010/02/09 v2.5 Base part for package epstopdf

(/usr/share/texlive/texmf-dist/tex/latex/oberdiek/grfext.sty
Package: grfext 2010/08/19 v1.1 Manage graphics extensions (HO)
)
Package grfext Info: Graphics extension search list:
(grfext)             [.png,.pdf,.jpg,.mps,.jpeg,.jbig2,.jb2,.PNG,.PDF,.JPG,.JPE
G,.JBIG2,.JB2,.eps]
(grfext)             \AppendGraphicsExtensions on input line 452.

(/usr/share/texlive/texmf-dist/tex/latex/latexconfig/epstopdf-sys.cfg
File: epstopdf-sys.cfg 2010/07/13 v1.3 Configuration of (r)epstopdf for TeX Liv
e
))
\c@lstlisting=\count133

(/usr/share/texlive/texmf-dist/tex/latex/ucs/ucsencs.def
File: ucsencs.def 2011/01/21 Fixes to fontencodings LGR, T3
)
<Images/logo_ljk.png, id=128, 200.75pt x 118.4425pt>
File: Images/logo_ljk.png Graphic file (type png)
 <use Images/logo_ljk.png>
Package pdftex.def Info: Images/logo_ljk.png used on input line 37.
(pdftex.def)             Requested size: 96.44772pt x 56.9055pt.

<Images/logo_ensimag.pdf, id=129, 474.77374pt x 303.1325pt>
File: Images/logo_ensimag.pdf Graphic file (type pdf)

<use Images/logo_ensimag.pdf>
Package pdftex.def Info: Images/logo_ensimag.pdf used on input line 42.
(pdftex.def)             Requested size: 89.12128pt x 56.9055pt.

(/usr/share/texlive/texmf-dist/tex/latex/ucs/data/uni-0.def
File: uni-0.def 2013/05/13 UCS: Unicode data U+0000..U+00FF
)
LaTeX Font Info:    Try loading font information for U+msa on input line 55.

(/usr/share/texlive/texmf-dist/tex/latex/amsfonts/umsa.fd
File: umsa.fd 2013/01/14 v3.01 AMS symbols A
)
LaTeX Font Info:    Try loading font information for U+msb on input line 55.

(/usr/share/texlive/texmf-dist/tex/latex/amsfonts/umsb.fd
File: umsb.fd 2013/01/14 v3.01 AMS symbols B
)
Overfull \hbox (18.63141pt too wide) in paragraph at lines 56--56
 [][] 
 []


Overfull \hbox (132.33388pt too wide) in paragraph at lines 63--70
 [][] 
 []

[1

{/var/lib/texmf/fonts/map/pdftex/updmap/pdftex.map} <./Images/logo_ljk.png> <./
Images/logo_ensimag.pdf>]
Underfull \hbox (badness 10000) in paragraph at lines 85--87

 []

[2]
Underfull \hbox (badness 10000) in paragraph at lines 100--101

 []


Underfull \hbox (badness 10000) in paragraph at lines 103--104

 []

[3] (./rapport.toc)
\tf@toc=\write5
\openout5 = `rapport.toc'.

 [4]
Underfull \hbox (badness 10000) in paragraph at lines 137--139

 []

[1] <Images/sousgradient.png, id=223, 220.825pt x 189.70876pt>
File: Images/sousgradient.png Graphic file (type png)

<use Images/sousgradient.png>
Package pdftex.def Info: Images/sousgradient.png used on input line 201.
(pdftex.def)             Requested size: 154.57643pt x 132.79521pt.

Underfull \hbox (badness 10000) in paragraph at lines 207--208

 []


Underfull \hbox (badness 10000) in paragraph at lines 212--213

 []

[2 <./Images/sousgradient.png (PNG copy)>]
<Images/sousdiff.png, id=237, 559.08875pt x 227.85126pt>
File: Images/sousdiff.png Graphic file (type png)

<use Images/sousdiff.png>
Package pdftex.def Info: Images/sousdiff.png used on input line 222.
(pdftex.def)             Requested size: 335.45583pt x 136.71179pt.
 [3 <./Images/sousdiff.png>]
<Images/eikonale.png, id=255, 612.2875pt x 461.725pt>
File: Images/eikonale.png Graphic file (type png)

<use Images/eikonale.png>
Package pdftex.def Info: Images/eikonale.png used on input line 289.
(pdftex.def)             Requested size: 306.143pt x 230.86194pt.

Underfull \hbox (badness 10000) in paragraph at lines 305--306

 []

<Images/fig4.png, id=258, 612.2875pt x 461.725pt>
File: Images/fig4.png Graphic file (type png)
 <use Images/fig4.png>
Package pdftex.def Info: Images/fig4.png used on input line 317.
(pdftex.def)             Requested size: 306.143pt x 230.86194pt.

[4]

LaTeX Warning: `!h' float specifier changed to `!ht'.

<Images/fig1.png, id=269, 1927.2pt x 932.48375pt>
File: Images/fig1.png Graphic file (type png)
 <use Images/fig1.png>
Package pdftex.def Info: Images/fig1.png used on input line 329.
(pdftex.def)             Requested size: 481.79883pt x 233.12036pt.

Overfull \hbox (21.07759pt too wide) in paragraph at lines 329--330
 [] 
 []

<Images/fig0.png, id=270, 1927.2pt x 932.48375pt>
File: Images/fig0.png Graphic file (type png)
 <use Images/fig0.png>
Package pdftex.def Info: Images/fig0.png used on input line 331.
(pdftex.def)             Requested size: 481.79883pt x 233.12036pt.

Overfull \hbox (21.07759pt too wide) in paragraph at lines 331--332
 [][] 
 []


LaTeX Warning: `!h' float specifier changed to `!ht'.

<Images/fig3.png, id=272, 612.2875pt x 461.725pt>
File: Images/fig3.png Graphic file (type png)
 <use Images/fig3.png>
Package pdftex.def Info: Images/fig3.png used on input line 342.
(pdftex.def)             Requested size: 306.143pt x 230.86194pt.


LaTeX Warning: `!h' float specifier changed to `!ht'.

<Images/approxhessian.png, id=274, 612.2875pt x 461.725pt>
File: Images/approxhessian.png Graphic file (type png)

<use Images/approxhessian.png>
Package pdftex.def Info: Images/approxhessian.png used on input line 359.
(pdftex.def)             Requested size: 306.143pt x 230.86194pt.


LaTeX Warning: `!h' float specifier changed to `!ht'.

<Images/erreur.png, id=276, 612.2875pt x 461.725pt>
File: Images/erreur.png Graphic file (type png)
 <use Images/erreur.png>
Package pdftex.def Info: Images/erreur.png used on input line 369.
(pdftex.def)             Requested size: 306.143pt x 230.86194pt.


LaTeX Warning: `!h' float specifier changed to `!ht'.


Package hyperref Warning: Token not allowed in a PDF string (PDFDocEncoding):
(hyperref)                removing `math shift' on input line 378.


Package hyperref Warning: Token not allowed in a PDF string (PDFDocEncoding):
(hyperref)                removing `math shift' on input line 378.


Package hyperref Warning: Token not allowed in a PDF string (PDFDocEncoding):
(hyperref)                removing `math shift' on input line 378.


Package hyperref Warning: Token not allowed in a PDF string (PDFDocEncoding):
(hyperref)                removing `superscript' on input line 378.


Package hyperref Warning: Token not allowed in a PDF string (PDFDocEncoding):
(hyperref)                removing `math shift' on input line 378.

[5 <./Images/eikonale.png>]
(/usr/share/texlive/texmf-dist/tex/latex/listings/lstlang1.sty
File: lstlang1.sty 2015/06/04 1.6 listings language file
)
LaTeX Font Info:    Try loading font information for T1+cmtt on input line 385.


(/usr/share/texlive/texmf-dist/tex/latex/base/t1cmtt.fd
File: t1cmtt.fd 2014/09/29 v2.5h Standard LaTeX font definitions
)

Package hyperref Warning: Token not allowed in a PDF string (PDFDocEncoding):
(hyperref)                removing `math shift' on input line 408.


Package hyperref Warning: Token not allowed in a PDF string (PDFDocEncoding):
(hyperref)                removing `math shift' on input line 408.


Package hyperref Warning: Token not allowed in a PDF string (PDFDocEncoding):
(hyperref)                removing `math shift' on input line 408.


Package hyperref Warning: Token not allowed in a PDF string (PDFDocEncoding):
(hyperref)                removing `math shift' on input line 408.

[6 <./Images/fig4.png>] [7 <./Images/fig1.png> <./Images/fig0.png>] [8 <./Image
s/fig3.png> <./Images/approxhessian.png>]
Overfull \hbox (4.38808pt too wide) in paragraph at lines 431--431
[]\T1/cmr/bx/n/17.28 Résolution nu-mé-rique de l'équa-tion de Monge-Ampère 
 []


Underfull \hbox (badness 10000) in paragraph at lines 440--442

 []


Underfull \hbox (badness 10000) in paragraph at lines 444--445

 []

[9 <./Images/erreur.png>]
<Images/gaussienne.png, id=349, 612.2875pt x 461.725pt>
File: Images/gaussienne.png Graphic file (type png)

<use Images/gaussienne.png>
Package pdftex.def Info: Images/gaussienne.png used on input line 484.
(pdftex.def)             Requested size: 306.143pt x 230.86194pt.

<Images/mapchoisie.png, id=352, 612.2875pt x 461.725pt>
File: Images/mapchoisie.png Graphic file (type png)

<use Images/mapchoisie.png>
Package pdftex.def Info: Images/mapchoisie.png used on input line 511.
(pdftex.def)             Requested size: 306.143pt x 230.86194pt.

<Images/resmapchoisie.png, id=353, 612.2875pt x 461.725pt>
File: Images/resmapchoisie.png Graphic file (type png)

<use Images/resmapchoisie.png>
Package pdftex.def Info: Images/resmapchoisie.png used on input line 520.
(pdftex.def)             Requested size: 306.143pt x 230.86194pt.

Underfull \hbox (badness 10000) in paragraph at lines 531--533

 []

[10] [11 <./Images/gaussienne.png> <./Images/mapchoisie.png>]
Underfull \vbox (badness 4341) has occurred while \output is active []

 [12 <./Images/resmapchoisie.png>]
Overfull \hbox (52.00688pt too wide) in paragraph at lines 570--570
[] 
 []


Underfull \hbox (badness 10000) in paragraph at lines 590--593

 []

[13] <Images/iter.png, id=388, 612.2875pt x 461.725pt>
File: Images/iter.png Graphic file (type png)
 <use Images/iter.png>
Package pdftex.def Info: Images/iter.png used on input line 606.
(pdftex.def)             Requested size: 214.30383pt x 161.60617pt.

<Images/iter2.png, id=389, 612.2875pt x 461.725pt>
File: Images/iter2.png Graphic file (type png)
 <use Images/iter2.png>
Package pdftex.def Info: Images/iter2.png used on input line 607.
(pdftex.def)             Requested size: 214.30383pt x 161.60617pt.

<Images/iter3.png, id=390, 612.2875pt x 461.725pt>
File: Images/iter3.png Graphic file (type png)
 <use Images/iter3.png>
Package pdftex.def Info: Images/iter3.png used on input line 608.
(pdftex.def)             Requested size: 214.30383pt x 161.60617pt.

<Images/itergaussienne0.png, id=392, 612.2875pt x 461.725pt>
File: Images/itergaussienne0.png Graphic file (type png)

<use Images/itergaussienne0.png>
Package pdftex.def Info: Images/itergaussienne0.png used on input line 621.
(pdftex.def)             Requested size: 214.30383pt x 161.60617pt.

<Images/itergaussienne1.png, id=393, 612.2875pt x 461.725pt>
File: Images/itergaussienne1.png Graphic file (type png)

<use Images/itergaussienne1.png>
Package pdftex.def Info: Images/itergaussienne1.png used on input line 622.
(pdftex.def)             Requested size: 214.30383pt x 161.60617pt.

<Images/itergaussienne2.png, id=394, 612.2875pt x 461.725pt>
File: Images/itergaussienne2.png Graphic file (type png)

<use Images/itergaussienne2.png>
Package pdftex.def Info: Images/itergaussienne2.png used on input line 623.
(pdftex.def)             Requested size: 214.30383pt x 161.60617pt.

<Images/itergaussienne3.png, id=395, 612.2875pt x 461.725pt>
File: Images/itergaussienne3.png Graphic file (type png)

<use Images/itergaussienne3.png>
Package pdftex.def Info: Images/itergaussienne3.png used on input line 624.
(pdftex.def)             Requested size: 214.30383pt x 161.60617pt.

<Images/deplace1.png, id=397, 612.2875pt x 461.725pt>
File: Images/deplace1.png Graphic file (type png)

<use Images/deplace1.png>
Package pdftex.def Info: Images/deplace1.png used on input line 637.
(pdftex.def)             Requested size: 214.30383pt x 161.60617pt.

<Images/deplace2.png, id=398, 612.2875pt x 461.725pt>
File: Images/deplace2.png Graphic file (type png)

<use Images/deplace2.png>
Package pdftex.def Info: Images/deplace2.png used on input line 638.
(pdftex.def)             Requested size: 214.30383pt x 161.60617pt.

<Images/deplace3.png, id=399, 612.2875pt x 461.725pt>
File: Images/deplace3.png Graphic file (type png)

<use Images/deplace3.png>
Package pdftex.def Info: Images/deplace3.png used on input line 639.
(pdftex.def)             Requested size: 214.30383pt x 161.60617pt.

<Images/deplace4.png, id=400, 612.2875pt x 461.725pt>
File: Images/deplace4.png Graphic file (type png)

<use Images/deplace4.png>
Package pdftex.def Info: Images/deplace4.png used on input line 640.
(pdftex.def)             Requested size: 214.30383pt x 161.60617pt.
 <Images/cercle1.png, id=401, 612.2875pt x 461.725pt>
File: Images/cercle1.png Graphic file (type png)

<use Images/cercle1.png>
Package pdftex.def Info: Images/cercle1.png used on input line 652.
(pdftex.def)             Requested size: 214.30383pt x 161.60617pt.
 <Images/cercle2.png, id=402, 612.2875pt x 461.725pt>
File: Images/cercle2.png Graphic file (type png)

<use Images/cercle2.png>
Package pdftex.def Info: Images/cercle2.png used on input line 653.
(pdftex.def)             Requested size: 214.30383pt x 161.60617pt.
 <Images/cercle3.png, id=403, 612.2875pt x 461.725pt>
File: Images/cercle3.png Graphic file (type png)

<use Images/cercle3.png>
Package pdftex.def Info: Images/cercle3.png used on input line 654.
(pdftex.def)             Requested size: 214.30383pt x 161.60617pt.
 <Images/cercle4.png, id=404, 612.2875pt x 461.725pt>
File: Images/cercle4.png Graphic file (type png)

<use Images/cercle4.png>
Package pdftex.def Info: Images/cercle4.png used on input line 655.
(pdftex.def)             Requested size: 214.30383pt x 161.60617pt.
 [14 <./Images/iter.png> <./Images/iter2.png> <./Images/iter3.png>] [15 <./Imag
es/itergaussienne0.png> <./Images/itergaussienne1.png> <./Images/itergaussienne
2.png> <./Images/itergaussienne3.png>] [16 <./Images/deplace1.png> <./Images/de
place2.png> <./Images/deplace3.png> <./Images/deplace4.png>] [17 <./Images/cerc
le1.png> <./Images/cercle2.png> <./Images/cercle3.png> <./Images/cercle4.png>]
Underfull \hbox (badness 10000) in paragraph at lines 672--674

 []


Underfull \hbox (badness 10000) in paragraph at lines 706--710

 []

[18]
Underfull \hbox (badness 10000) in paragraph at lines 714--716

 []

<Images/clrhoY30.png, id=450, 612.2875pt x 461.725pt>
File: Images/clrhoY30.png Graphic file (type png)

<use Images/clrhoY30.png>
Package pdftex.def Info: Images/clrhoY30.png used on input line 730.
(pdftex.def)             Requested size: 214.30383pt x 161.60617pt.
 <Images/mapcl30.png, id=451, 612.2875pt x 461.725pt>
File: Images/mapcl30.png Graphic file (type png)

<use Images/mapcl30.png>
Package pdftex.def Info: Images/mapcl30.png used on input line 731.
(pdftex.def)             Requested size: 214.30383pt x 161.60617pt.
 <Images/clres256.png, id=453, 732.7375pt x 461.725pt>
File: Images/clres256.png Graphic file (type png)

<use Images/clres256.png>
Package pdftex.def Info: Images/clres256.png used on input line 744.
(pdftex.def)             Requested size: 256.46196pt x 161.60617pt.
 [19 <./Images/clrhoY30.png> <./Images/mapcl30.png>]
Underfull \hbox (badness 10000) in paragraph at lines 758--761

 []


Underfull \hbox (badness 10000) in paragraph at lines 768--771

 []


Underfull \hbox (badness 10000) in paragraph at lines 772--774

 []


Underfull \hbox (badness 10000) in paragraph at lines 781--784

 []

[20 <./Images/clres256.png>]
Underfull \hbox (badness 10000) in paragraph at lines 785--790

 []

[21] (./rapport.bbl
(/usr/share/texlive/texmf-dist/tex/latex/ucs/data/uni-32.def
File: uni-32.def 2013/05/13 UCS: Unicode data U+2000..U+20FF
)) [22]
Package hyperref Info: bookmark level for unknown lstlisting defaults to 0 on i
nput line 804.

(../progs/thing.sce
LaTeX Font Info:    Font shape `T1/cmtt/bx/n' in size <10> not available
(Font)              Font shape `T1/cmtt/m/n' tried instead on input line 22.
 [23]
Underfull \vbox (badness 10000) has occurred while \output is active []

 [24]
Underfull \vbox (badness 10000) has occurred while \output is active []

 [25]
Underfull \vbox (badness 10000) has occurred while \output is active []

 [26]
Underfull \vbox (badness 10000) has occurred while \output is active []

 [27]
Underfull \vbox (badness 10000) has occurred while \output is active []

 [28]
Underfull \vbox (badness 10000) has occurred while \output is active []

 [29]
Underfull \vbox (badness 10000) has occurred while \output is active []

 [30]
Underfull \vbox (badness 10000) has occurred while \output is active []

 [31]
Underfull \vbox (badness 10000) has occurred while \output is active []

 [32]
Underfull \vbox (badness 10000) has occurred while \output is active []

 [33])
(/usr/share/texlive/texmf-dist/tex/latex/listings/lstlang1.sty
File: lstlang1.sty 2015/06/04 1.6 listings language file
)
(/usr/share/texlive/texmf-dist/tex/latex/listings/lstmisc.sty
File: lstmisc.sty 2015/06/04 1.6 (Carsten Heinz)
)
(../progs/ClImplem/MongeAmpereKernels.cl [34])
(../progs/ClImplem/MongeAmpere.cpp [35]
Underfull \vbox (badness 10000) has occurred while \output is active []

 [36]
Underfull \vbox (badness 10000) has occurred while \output is active []

 [37]
Underfull \vbox (badness 10000) has occurred while \output is active []

 [38])

AED: lastpage setting LastPage
[39]
Package atveryend Info: Empty hook `BeforeClearDocument' on input line 811.
Package atveryend Info: Empty hook `AfterLastShipout' on input line 811.
 (./rapport.aux)
Package atveryend Info: Executing hook `AtVeryEndDocument' on input line 811.
Package atveryend Info: Executing hook `AtEndAfterFileList' on input line 811.
Package rerunfilecheck Info: File `rapport.out' has not changed.
(rerunfilecheck)             Checksum: FF08F33D7D31D65BC642AB94696D7C57;2372.


LaTeX Warning: There were multiply-defined labels.

Package atveryend Info: Empty hook `AtVeryVeryEnd' on input line 811.
 ) 
Here is how much of TeX's memory you used:
 13099 strings out of 493029
 181672 string characters out of 6136234
 619385 words of memory out of 5000000
 15461 multiletter control sequences out of 15000+600000
 20503 words of font info for 55 fonts, out of 8000000 for 9000
 1141 hyphenation exceptions out of 8191
 30i,9n,52p,402b,2520s stack positions out of 5000i,500n,10000p,200000b,80000s
{/usr/share/texmf/fonts/enc/dvips/cm-super/cm-super-t1.enc}</usr/share/texliv
e/texmf-dist/fonts/type1/public/amsfonts/cm/cmex10.pfb></usr/share/texlive/texm
f-dist/fonts/type1/public/amsfonts/cm/cmmi12.pfb></usr/share/texlive/texmf-dist
/fonts/type1/public/amsfonts/cm/cmmi8.pfb></usr/share/texlive/texmf-dist/fonts/
type1/public/amsfonts/cm/cmr12.pfb></usr/share/texlive/texmf-dist/fonts/type1/p
ublic/amsfonts/cm/cmr6.pfb></usr/share/texlive/texmf-dist/fonts/type1/public/am
sfonts/cm/cmr8.pfb></usr/share/texlive/texmf-dist/fonts/type1/public/amsfonts/c
m/cmsy10.pfb></usr/share/texlive/texmf-dist/fonts/type1/public/amsfonts/cm/cmsy
6.pfb></usr/share/texlive/texmf-dist/fonts/type1/public/amsfonts/cm/cmsy8.pfb><
/usr/share/texlive/texmf-dist/fonts/type1/public/amsfonts/symbols/msbm10.pfb></
usr/share/texmf/fonts/type1/public/cm-super/sfbx1000.pfb></usr/share/texmf/font
s/type1/public/cm-super/sfbx1200.pfb></usr/share/texmf/fonts/type1/public/cm-su
per/sfbx1440.pfb></usr/share/texmf/fonts/type1/public/cm-super/sfbx1728.pfb></u
sr/share/texmf/fonts/type1/public/cm-super/sfcc1200.pfb></usr/share/texmf/fonts
/type1/public/cm-super/sfit1000.pfb></usr/share/texmf/fonts/type1/public/cm-sup
er/sfrm1000.pfb></usr/share/texmf/fonts/type1/public/cm-super/sfrm1200.pfb></us
r/share/texmf/fonts/type1/public/cm-super/sfrm2074.pfb></usr/share/texmf/fonts/
type1/public/cm-super/sfrm2488.pfb></usr/share/texmf/fonts/type1/public/cm-supe
r/sfsl1200.pfb></usr/share/texmf/fonts/type1/public/cm-super/sfti1200.pfb></usr
/share/texmf/fonts/type1/public/cm-super/sftt1000.pfb>
Output written on rapport.pdf (43 pages, 994347 bytes).
PDF statistics:
 1641 PDF objects out of 1728 (max. 8388607)
 1493 compressed objects within 15 object streams
 960 named destinations out of 1000 (max. 500000)
 409 words of extra memory for PDF output out of 10000 (max. 10000000)

